\BOOKMARK [0][-]{chapter.1}{Abstract}{}% 1
\BOOKMARK [0][-]{chapter.2}{Installazione}{}% 2
\BOOKMARK [0][-]{chapter.3}{Progettazione}{}% 3
\BOOKMARK [1][-]{section.3.1}{Analisi della classe di utenza}{chapter.3}% 4
\BOOKMARK [2][-]{subsection.3.1.1}{Descrizione della sezione}{section.3.1}% 5
\BOOKMARK [2][-]{subsection.3.1.2}{Analisi dell'utenza}{section.3.1}% 6
\BOOKMARK [1][-]{section.3.2}{Progettazione della base informativa}{chapter.3}% 7
\BOOKMARK [2][-]{subsection.3.2.1}{Contenuti statici}{section.3.2}% 8
\BOOKMARK [2][-]{subsection.3.2.2}{Contenuti dinamici}{section.3.2}% 9
\BOOKMARK [2][-]{subsection.3.2.3}{Contenuti dinamici accessibili soltanto agli utenti autenticati}{section.3.2}% 10
\BOOKMARK [1][-]{section.3.3}{Strutturazione del sito}{chapter.3}% 11
\BOOKMARK [2][-]{subsection.3.3.1}{Impaginazione}{section.3.3}% 12
\BOOKMARK [0][-]{chapter.4}{Realizzazione}{}% 13
\BOOKMARK [1][-]{section.4.1}{Descrizione della sessione}{chapter.4}% 14
\BOOKMARK [1][-]{section.4.2}{Scelte tecniche}{chapter.4}% 15
\BOOKMARK [2][-]{subsection.4.2.1}{XHTML1.1}{section.4.2}% 16
\BOOKMARK [2][-]{subsection.4.2.2}{JavaScript}{section.4.2}% 17
\BOOKMARK [2][-]{subsection.4.2.3}{PHP}{section.4.2}% 18
\BOOKMARK [1][-]{section.4.3}{Suddivisione di struttura, presentazione e comportamento}{chapter.4}% 19
\BOOKMARK [2][-]{subsection.4.3.1}{Parte utente}{section.4.3}% 20
\BOOKMARK [2][-]{subsection.4.3.2}{Parte amministratore}{section.4.3}% 21
\BOOKMARK [0][-]{chapter.5}{Validazione e test}{}% 22
\BOOKMARK [1][-]{section.5.1}{Descrizione della sessione}{chapter.5}% 23
\BOOKMARK [1][-]{section.5.2}{Validazione con test automatici}{chapter.5}% 24
\BOOKMARK [2][-]{subsection.5.2.1}{Markup Validation Service w3.org}{section.5.2}% 25
\BOOKMARK [2][-]{subsection.5.2.2}{W3C CSS Validator w3.org}{section.5.2}% 26
\BOOKMARK [2][-]{subsection.5.2.3}{Vamola validator}{section.5.2}% 27
\BOOKMARK [2][-]{subsection.5.2.4}{WAVE Accessibility Extension}{section.5.2}% 28
\BOOKMARK [2][-]{subsection.5.2.5}{Web Accessibility Toolbar \(WAT\)}{section.5.2}% 29
\BOOKMARK [2][-]{subsection.5.2.6}{Total Validator}{section.5.2}% 30
\BOOKMARK [2][-]{subsection.5.2.7}{Vischeck}{section.5.2}% 31
\BOOKMARK [2][-]{subsection.5.2.8}{VEGA}{section.5.2}% 32
\BOOKMARK [1][-]{section.5.3}{Test su diversi dispositivi}{chapter.5}% 33
\BOOKMARK [2][-]{subsection.5.3.1}{Windows 10}{section.5.3}% 34
\BOOKMARK [2][-]{subsection.5.3.2}{GNU/Linux Fedora 27}{section.5.3}% 35
\BOOKMARK [2][-]{subsection.5.3.3}{MacOS High Sierra}{section.5.3}% 36
\BOOKMARK [2][-]{subsection.5.3.4}{FreeBSD 11}{section.5.3}% 37
\BOOKMARK [2][-]{subsection.5.3.5}{Dispositivi mobili}{section.5.3}% 38
\BOOKMARK [1][-]{section.5.4}{Test con diverse impostazioni utente}{chapter.5}% 39
\BOOKMARK [1][-]{section.5.5}{Lynx e come potrebbe essere se letto}{chapter.5}% 40
\BOOKMARK [0][-]{chapter.6}{Ambiguit\340 incontrate e scelte intraprese}{}% 41
\BOOKMARK [1][-]{section.6.1}{Descrizione della sessione}{chapter.6}% 42
\BOOKMARK [1][-]{section.6.2}{Utilizzo della lingua straniera}{chapter.6}% 43
\BOOKMARK [2][-]{subsection.6.2.1}{Furigana}{section.6.2}% 44
\BOOKMARK [2][-]{subsection.6.2.2}{Traslitterazioni}{section.6.2}% 45
\BOOKMARK [2][-]{subsection.6.2.3}{Termini errati}{section.6.2}% 46
\BOOKMARK [0][-]{chapter.7}{Funzionalit\340 desiderabili}{}% 47
\BOOKMARK [1][-]{section.7.1}{Descrizione della sezione}{chapter.7}% 48
\BOOKMARK [1][-]{section.7.2}{Pagine social network di supporto al sito}{chapter.7}% 49
\BOOKMARK [1][-]{section.7.3}{Editor HTML per gli amministratori}{chapter.7}% 50
\BOOKMARK [1][-]{section.7.4}{Image picker}{chapter.7}% 51
\BOOKMARK [0][-]{chapter.8}{Suddivisione del lavoro}{}% 52
\BOOKMARK [1][-]{section.8.1}{Suddivisione per membro del gruppo}{chapter.8}% 53
\BOOKMARK [2][-]{subsection.8.1.1}{Bisello Samuele - Matricola 1122438}{section.8.1}% 54
\BOOKMARK [2][-]{subsection.8.1.2}{Cailotto Mirco - Matricola 1123521}{section.8.1}% 55
\BOOKMARK [2][-]{subsection.8.1.3}{Todescato Matteo - Matricola 1121857}{section.8.1}% 56
